<?xml version="1.0" encoding="UTF-8"?>
<!-- Generated by org.testng.reporters.JUnitReportReporter -->
<testsuite hostname="LAPTOP-DGT1P46D" failures="0" tests="3" name="org.testing.TS_012" time="0.467" errors="0" timestamp="2025-05-11T20:21:55 IST" skipped="0">
  <testcase classname="org.testing.TS_012" name="TC_015_passwordTextboxVisible" time="0.090"/>
  <testcase classname="org.testing.TS_012" name="TC_016_passwordTextboxAlignment" time="0.113"/>
  <testcase classname="org.testing.TS_012" name="TC_017_passwordTextboxHidesCharacters" time="0.264"/>
</testsuite> <!-- org.testing.TS_012 -->
