<?xml version="1.0" encoding="UTF-8"?>
<!-- Generated by org.testng.reporters.JUnitReportReporter -->
<testsuite hostname="LAPTOP-DGT1P46D" failures="0" tests="3" name="org.testing.TS_011" time="2.775" errors="0" timestamp="2025-05-11T20:14:11 IST" skipped="0">
  <testcase classname="org.testing.TS_011" name="TC_012_validEmailAccepted" time="0.760"/>
  <testcase classname="org.testing.TS_011" name="TC_013_invalidEmailRejected" time="1.094"/>
  <testcase classname="org.testing.TS_011" name="TC_014_emailIsMandatory" time="0.921"/>
</testsuite> <!-- org.testing.TS_011 -->
