<?xml version="1.0" encoding="UTF-8"?>
<!-- Generated by org.testng.reporters.JUnitReportReporter -->
<testsuite hostname="LAPTOP-DGT1P46D" failures="0" tests="3" name="org.testing.TS_059" time="2.981" errors="0" timestamp="2025-05-11T16:30:54 IST" skipped="0">
  <testcase classname="org.testing.TS_059" name="testDiscountsOrExtraChargesReflectedInTotal" time="0.857"/>
  <testcase classname="org.testing.TS_059" name="testTotalCostCalculation" time="0.834"/>
  <testcase classname="org.testing.TS_059" name="testDeliveryCostIsAdded" time="1.290"/>
</testsuite> <!-- org.testing.TS_059 -->
