<?xml version="1.0" encoding="UTF-8"?>
<!-- Generated by org.testng.reporters.JUnitReportReporter -->
<testsuite hostname="LAPTOP-DGT1P46D" failures="0" tests="5" name="org.testing.TS_009" time="38.053" errors="0" timestamp="2025-05-11T20:07:57 IST" skipped="0">
  <testcase classname="org.testing.TS_009" name="TC_004_usernameContainsOnlyAlphabets" time="6.067"/>
  <testcase classname="org.testing.TS_009" name="TC_008_usernameIsMandatory" time="16.090"/>
  <testcase classname="org.testing.TS_009" name="TC_007_usernameContainsNoSpaces" time="5.210"/>
  <testcase classname="org.testing.TS_009" name="TC_006_usernameContainsNoSpecialCharacters" time="3.393"/>
  <testcase classname="org.testing.TS_009" name="TC_005_usernameContainsNoNumericValues" time="7.293"/>
</testsuite> <!-- org.testing.TS_009 -->
