<?xml version="1.0" encoding="UTF-8"?>
<!-- Generated by org.testng.reporters.JUnitReportReporter -->
<testsuite hostname="LAPTOP-DGT1P46D" failures="0" tests="3" name="org.testing.TS_016" time="1.336" errors="0" timestamp="2025-05-09T10:19:58 IST" skipped="0">
  <testcase classname="org.testing.TS_016" name="TC_027_genderDropdownVisibility" time="0.052"/>
  <testcase classname="org.testing.TS_016" name="TC_028_genderDropdownAlignment" time="0.043"/>
  <testcase classname="org.testing.TS_016" name="TC_029_genderDropdownResponsiveness" time="1.241"/>
</testsuite> <!-- org.testing.TS_016 -->
