<?xml version="1.0" encoding="UTF-8"?>
<!-- Generated by org.testng.reporters.JUnitReportReporter -->
<testsuite hostname="LAPTOP-DGT1P46D" failures="0" tests="3" name="org.testing.TS_018" time="17.764" errors="0" timestamp="2025-05-09T11:07:27 IST" skipped="0">
  <testcase classname="org.testing.TS_018" name="TC_034_registerButtonPlacementAndAlignment" time="4.844"/>
  <testcase classname="org.testing.TS_018" name="TC_033_registerButtonVisible" time="6.334"/>
  <testcase classname="org.testing.TS_018" name="TC_035_registerButtonResponsiveness" time="6.586"/>
</testsuite> <!-- org.testing.TS_018 -->
