<?xml version="1.0" encoding="UTF-8"?>
<!-- Generated by org.testng.reporters.JUnitReportReporter -->
<testsuite hostname="LAPTOP-DGT1P46D" failures="0" tests="3" name="org.testing.TS_054" time="1.052" errors="0" timestamp="2025-05-11T16:15:00 IST" skipped="0">
  <testcase classname="org.testing.TS_054" name="testDefaultPaymentMethodPreselected" time="0.130"/>
  <testcase classname="org.testing.TS_054" name="testPaymentDropdownUpdatesOnChange" time="0.376"/>
  <testcase classname="org.testing.TS_054" name="testPaymentDropdownSelection" time="0.546"/>
</testsuite> <!-- org.testing.TS_054 -->
