<?xml version="1.0" encoding="UTF-8"?>
<!-- Generated by org.testng.reporters.JUnitReportReporter -->
<testsuite hostname="LAPTOP-DGT1P46D" failures="0" tests="3" name="org.testing.TS_019" time="27.286" errors="0" timestamp="2025-05-11T20:32:27 IST" skipped="0">
  <testcase classname="org.testing.TS_019" name="TC_036_registerButtonClickFunctionality" time="8.563"/>
  <testcase classname="org.testing.TS_019" name="TC_037_emptyFieldsValidation" time="7.160"/>
  <testcase classname="org.testing.TS_019" name="TC_038_redirectAfterSuccessfulRegistration" time="11.563"/>
</testsuite> <!-- org.testing.TS_019 -->
