<?xml version="1.0" encoding="UTF-8"?>
<!-- Generated by org.testng.reporters.JUnitReportReporter -->
<testsuite hostname="LAPTOP-DGT1P46D" failures="0" tests="3" name="org.testing.TS_030" time="3.542" errors="0" timestamp="2025-05-11T20:44:16 IST" skipped="0">
  <testcase classname="org.testing.TS_030" name="TC_028_homeLinkNavigation" time="1.203"/>
  <testcase classname="org.testing.TS_030" name="TC_029_productsLinkNavigation" time="1.161"/>
  <testcase classname="org.testing.TS_030" name="TC_030_contactLinkNavigation" time="1.178"/>
</testsuite> <!-- org.testing.TS_030 -->
