<?xml version="1.0" encoding="UTF-8"?>
<!-- Generated by org.testng.reporters.JUnitReportReporter -->
<testsuite hostname="LAPTOP-DGT1P46D" failures="0" tests="3" name="org.testing.TS_022" time="0.486" errors="0" timestamp="2025-05-11T20:38:43 IST" skipped="0">
  <testcase classname="org.testing.TS_022" name="TC_004_testingLogoFunctionality" time="0.187"/>
  <testcase classname="org.testing.TS_022" name="TC_005_verifyLogoLink" time="0.106"/>
  <testcase classname="org.testing.TS_022" name="TC_006_verifyLogoAccessibility" time="0.193"/>
</testsuite> <!-- org.testing.TS_022 -->
