<?xml version="1.0" encoding="UTF-8"?>
<!-- Generated by org.testng.reporters.JUnitReportReporter -->
<testsuite hostname="LAPTOP-DGT1P46D" failures="0" tests="3" name="org.testing.TS_004" time="19.862" errors="0" timestamp="2025-05-11T20:02:36 IST" skipped="0">
  <testcase classname="org.testing.TS_004" name="TC_012_strongPasswordAccepted" time="5.095"/>
  <testcase classname="org.testing.TS_004" name="TC_011_shortPasswordValidation" time="7.343"/>
  <testcase classname="org.testing.TS_004" name="TC_010_maskedPasswordField" time="7.424"/>
</testsuite> <!-- org.testing.TS_004 -->
