<?xml version="1.0" encoding="UTF-8"?>
<!-- Generated by org.testng.reporters.JUnitReportReporter -->
<testsuite hostname="LAPTOP-DGT1P46D" failures="0" tests="3" name="org.testing.TS_013" time="2.664" errors="0" timestamp="2025-05-11T20:25:02 IST" skipped="0">
  <testcase classname="org.testing.TS_013" name="TC_018_passwordTextboxMasksCharacters" time="0.242"/>
  <testcase classname="org.testing.TS_013" name="TC_019_passwordTextboxMinimumLength" time="1.382"/>
  <testcase classname="org.testing.TS_013" name="TC_020_passwordTextboxStrongPassword" time="1.040"/>
</testsuite> <!-- org.testing.TS_013 -->
