<?xml version="1.0" encoding="UTF-8"?>
<!-- Generated by org.testng.reporters.JUnitReportReporter -->
<testsuite hostname="LAPTOP-DGT1P46D" failures="0" tests="3" name="org.testing.TS_003" time="20.351" errors="0" timestamp="2025-05-11T20:02:07 IST" skipped="0">
  <testcase classname="org.testing.TS_003" name="TC_007" time="4.341"/>
  <testcase classname="org.testing.TS_003" name="TC_009" time="8.069"/>
  <testcase classname="org.testing.TS_003" name="TC_008" time="7.941"/>
</testsuite> <!-- org.testing.TS_003 -->
