<?xml version="1.0" encoding="UTF-8"?>
<!-- Generated by org.testng.reporters.JUnitReportReporter -->
<testsuite hostname="LAPTOP-DGT1P46D" failures="0" tests="3" name="org.testing.TS_008" time="22.158" errors="0" timestamp="2025-05-11T20:06:13 IST" skipped="0">
  <testcase classname="org.testing.TS_008" name="TC_003_usernameTextboxResponsive" time="7.337"/>
  <testcase classname="org.testing.TS_008" name="TC_001_usernameTextboxVisible" time="7.446"/>
  <testcase classname="org.testing.TS_008" name="TC_002_usernameTextboxAlignment" time="7.375"/>
</testsuite> <!-- org.testing.TS_008 -->
