<?xml version="1.0" encoding="UTF-8"?>
<!-- Generated by org.testng.reporters.JUnitReportReporter -->
<testsuite hostname="LAPTOP-DGT1P46D" failures="0" tests="3" name="org.testing.TS_015" time="3.268" errors="0" timestamp="2025-05-11T20:29:48 IST" skipped="0">
  <testcase classname="org.testing.TS_015" name="TC_024_mobileTextboxOnlyAcceptsNumbers" time="1.231"/>
  <testcase classname="org.testing.TS_015" name="TC_025_mobileTextboxMaxLength" time="1.001"/>
  <testcase classname="org.testing.TS_015" name="TC_026_mobileTextboxIsRequired" time="1.036"/>
</testsuite> <!-- org.testing.TS_015 -->
