<?xml version="1.0" encoding="UTF-8"?>
<!-- Generated by org.testng.reporters.JUnitReportReporter -->
<testsuite hostname="LAPTOP-DGT1P46D" failures="0" tests="3" name="org.testing.TS_014" time="1.494" errors="0" timestamp="2025-05-11T20:28:58 IST" skipped="0">
  <testcase classname="org.testing.TS_014" name="TC_021_mobileTextboxIsVisible" time="0.071"/>
  <testcase classname="org.testing.TS_014" name="TC_022_mobileTextboxAlignment" time="0.072"/>
  <testcase classname="org.testing.TS_014" name="TC_023_mobileTextboxResponsive" time="1.351"/>
</testsuite> <!-- org.testing.TS_014 -->
