<?xml version="1.0" encoding="UTF-8"?>
<!-- Generated by org.testng.reporters.JUnitReportReporter -->
<testsuite hostname="LAPTOP-DGT1P46D" failures="0" tests="3" name="org.junit.TS_002" time="25.765" errors="0" timestamp="2025-05-07T10:53:50 IST" skipped="0">
  <testcase classname="org.junit.TS_002" name="TC_004_validEmailAndPassword" time="9.302"/>
  <testcase classname="org.junit.TS_002" name="TC_006_emptyEmailAndPassword" time="6.369"/>
  <testcase classname="org.junit.TS_002" name="TC_005_invalidEmailFormat" time="10.094"/>
</testsuite> <!-- org.junit.TS_002 -->
