<?xml version="1.0" encoding="UTF-8"?>
<!-- Generated by org.testng.reporters.JUnitReportReporter -->
<testsuite hostname="LAPTOP-DGT1P46D" failures="0" tests="3" name="org.testing.TS_020" time="17.582" errors="0" timestamp="2025-05-11T20:37:04 IST" skipped="0">
  <testcase classname="org.testing.TS_020" name="TC_040_loginLinkRedirectsCorrectly" time="4.910"/>
  <testcase classname="org.testing.TS_020" name="TC_041_loginLinkPointsToCorrectURL" time="5.305"/>
  <testcase classname="org.testing.TS_020" name="TC_039_loginLinkIsVisible" time="7.367"/>
</testsuite> <!-- org.testing.TS_020 -->
