<?xml version="1.0" encoding="UTF-8"?>
<!-- Generated by org.testng.reporters.JUnitReportReporter -->
<testsuite hostname="LAPTOP-DGT1P46D" failures="0" tests="3" name="org.testing.TS_007" time="37.783" errors="0" timestamp="2025-05-11T20:05:07 IST" skipped="0">
  <testcase classname="org.testing.TS_007" name="TC_019_registerLinkVisible" time="10.103"/>
  <testcase classname="org.testing.TS_007" name="TC_020_registerLinkRedirection" time="8.465"/>
  <testcase classname="org.testing.TS_007" name="TC_021_registerLinkHrefCheck" time="19.215"/>
</testsuite> <!-- org.testing.TS_007 -->
