<?xml version="1.0" encoding="UTF-8"?>
<!-- Generated by org.testng.reporters.JUnitReportReporter -->
<testsuite hostname="LAPTOP-DGT1P46D" failures="0" tests="2" name="org.testing.TS_056" time="1.990" errors="0" timestamp="2025-05-11T16:19:25 IST" skipped="0">
  <testcase classname="org.testing.TS_056" name="testPlaceOrderButtonSubmitsOrder" time="1.044"/>
  <testcase classname="org.testing.TS_056" name="testPlaceOrderTriggersConfirmation" time="0.946"/>
</testsuite> <!-- org.testing.TS_056 -->
