<?xml version="1.0" encoding="UTF-8"?>
<!-- Generated by org.testng.reporters.JUnitReportReporter -->
<testsuite hostname="LAPTOP-DGT1P46D" failures="0" tests="3" name="org.junit.TS_001" time="14.597" errors="0" timestamp="2025-05-07T10:28:30 IST" skipped="0">
  <testcase classname="org.junit.TS_001" name="TC_003" time="7.649"/>
  <testcase classname="org.junit.TS_001" name="TC_001" time="3.545"/>
  <testcase classname="org.junit.TS_001" name="TC_002" time="3.403"/>
</testsuite> <!-- org.junit.TS_001 -->
