<?xml version="1.0" encoding="UTF-8"?>
<!-- Generated by org.testng.reporters.JUnitReportReporter -->
<testsuite hostname="LAPTOP-DGT1P46D" failures="0" tests="3" name="org.testing.TS_021" time="0.974" errors="0" timestamp="2025-05-11T20:37:57 IST" skipped="0">
  <testcase classname="org.testing.TS_021" name="TC_001_checkLogoVisibility" time="0.088"/>
  <testcase classname="org.testing.TS_021" name="TC_002_checkLogoPlacementAndAlignment" time="0.063"/>
  <testcase classname="org.testing.TS_021" name="TC_003_checkLogoResponsiveness" time="0.823"/>
</testsuite> <!-- org.testing.TS_021 -->
