<?xml version="1.0" encoding="UTF-8"?>
<!-- Generated by org.testng.reporters.JUnitReportReporter -->
<testsuite hostname="LAPTOP-DGT1P46D" failures="0" tests="3" name="org.testing.TS_010" time="1.986" errors="0" timestamp="2025-05-11T20:09:49 IST" skipped="0">
  <testcase classname="org.testing.TS_010" name="TC_009_checkEmailTextboxIsVisible" time="0.102"/>
  <testcase classname="org.testing.TS_010" name="TC_010_checkEmailTextboxAlignment" time="0.075"/>
  <testcase classname="org.testing.TS_010" name="TC_011_checkEmailTextboxResponsiveDesign" time="1.809"/>
</testsuite> <!-- org.testing.TS_010 -->
