<?xml version="1.0" encoding="UTF-8"?>
<!-- Generated by org.testng.reporters.JUnitReportReporter -->
<testsuite hostname="LAPTOP-DGT1P46D" failures="0" tests="8" name="org.testing.TS_052" time="8.020" errors="0" timestamp="2025-05-11T19:59:29 IST" skipped="0">
  <testcase classname="org.testing.TS_052" name="testZipCodeTextbox" time="0.155"/>
  <testcase classname="org.testing.TS_052" name="testFormSubmission" time="6.498"/>
  <testcase classname="org.testing.TS_052" name="testCityTextbox" time="0.236"/>
  <testcase classname="org.testing.TS_052" name="testStateTextbox" time="0.197"/>
  <testcase classname="org.testing.TS_052" name="testStreetAddressTextbox" time="0.201"/>
  <testcase classname="org.testing.TS_052" name="testEmailTextbox" time="0.223"/>
  <testcase classname="org.testing.TS_052" name="testMissingFieldsValidation" time="0.288"/>
  <testcase classname="org.testing.TS_052" name="testFullNameTextbox" time="0.222"/>
</testsuite> <!-- org.testing.TS_052 -->
