<?xml version="1.0" encoding="UTF-8"?>
<!-- Generated by org.testng.reporters.JUnitReportReporter -->
<testsuite hostname="LAPTOP-DGT1P46D" failures="0" tests="3" name="org.testing.TS_006" time="43.605" errors="0" timestamp="2025-05-11T20:04:19 IST" skipped="0">
  <testcase classname="org.testing.TS_006" name="TC_016_loginButtonClickable" time="18.640"/>
  <testcase classname="org.testing.TS_006" name="TC_018_loginWithInvalidCredentials" time="9.767"/>
  <testcase classname="org.testing.TS_006" name="TC_017_loginWithValidCredentials" time="15.198"/>
</testsuite> <!-- org.testing.TS_006 -->
