<?xml version="1.0" encoding="UTF-8"?>
<!-- Generated by org.testng.reporters.JUnitReportReporter -->
<testsuite hostname="LAPTOP-DGT1P46D" failures="0" tests="4" name="org.testing.TS_046" time="3.439" errors="0" timestamp="2025-05-11T17:30:02 IST" skipped="0">
  <testcase classname="org.testing.TS_046" name="testMessageTextboxAcceptsInput" time="0.350"/>
  <testcase classname="org.testing.TS_046" name="testEmailTextboxAcceptsInput" time="0.365"/>
  <testcase classname="org.testing.TS_046" name="testSubmitButtonWorksWhenAllFieldsFilled" time="2.462"/>
  <testcase classname="org.testing.TS_046" name="testNameTextboxAcceptsInput" time="0.262"/>
</testsuite> <!-- org.testing.TS_046 -->
