<?xml version="1.0" encoding="UTF-8"?>
<!-- Generated by org.testng.reporters.JUnitReportReporter -->
<testsuite hostname="LAPTOP-DGT1P46D" failures="0" tests="3" name="org.testing.TS_002" time="38.951" errors="0" timestamp="2025-05-11T20:01:33 IST" skipped="0">
  <testcase classname="org.testing.TS_002" name="TC_006_emptyEmailAndPassword" time="8.328"/>
  <testcase classname="org.testing.TS_002" name="TC_005_invalidEmailFormat" time="13.883"/>
  <testcase classname="org.testing.TS_002" name="TC_004_validEmailAndPassword" time="16.740"/>
</testsuite> <!-- org.testing.TS_002 -->
