<?xml version="1.0" encoding="UTF-8"?>
<!-- Generated by org.testng.reporters.JUnitReportReporter -->
<testsuite hostname="LAPTOP-DGT1P46D" failures="0" tests="3" name="org.testing.TS_001" time="22.233" errors="0" timestamp="2025-05-11T20:00:42 IST" skipped="0">
  <testcase classname="org.testing.TS_001" name="TC_002" time="5.109"/>
  <testcase classname="org.testing.TS_001" name="TC_003" time="11.284"/>
  <testcase classname="org.testing.TS_001" name="TC_001" time="5.840"/>
</testsuite> <!-- org.testing.TS_001 -->
