<?xml version="1.0" encoding="UTF-8"?>
<!-- Generated by org.testng.reporters.JUnitReportReporter -->
<testsuite hostname="LAPTOP-DGT1P46D" failures="0" tests="3" name="org.testing.TS_017" time="0.700" errors="0" timestamp="2025-05-11T20:31:05 IST" skipped="0">
  <testcase classname="org.testing.TS_017" name="TC_032_defaultGenderOption" time="0.125"/>
  <testcase classname="org.testing.TS_017" name="TC_030_genderDropdownOptionsVisible" time="0.299"/>
  <testcase classname="org.testing.TS_017" name="TC_031_selectGenderOption" time="0.276"/>
</testsuite> <!-- org.testing.TS_017 -->
