<?xml version="1.0" encoding="UTF-8"?>
<!-- Generated by org.testng.reporters.JUnitReportReporter -->
<testsuite hostname="LAPTOP-DGT1P46D" failures="0" tests="3" name="org.testing.TS_028" time="7.472" errors="0" timestamp="2025-05-11T20:42:19 IST" skipped="0">
  <testcase classname="org.testing.TS_028" name="TC_022_exitLogsUserOut" time="2.631"/>
  <testcase classname="org.testing.TS_028" name="TC_023_redirectToLoginAfterExit" time="1.762"/>
  <testcase classname="org.testing.TS_028" name="TC_024_sessionClearedAfterExit" time="3.079"/>
</testsuite> <!-- org.testing.TS_028 -->
