<?xml version="1.0" encoding="UTF-8"?>
<!-- Generated by org.testng.reporters.JUnitReportReporter -->
<testsuite hostname="LAPTOP-DGT1P46D" failures="0" tests="1" name="org.testing.TS_050" time="6.362" errors="0" timestamp="2025-05-11T16:11:16 IST" skipped="0">
  <testcase classname="org.testing.TS_050" name="TC_013_CheckoutRedirectionFlow" time="6.362"/>
</testsuite> <!-- org.testing.TS_050 -->
