<?xml version="1.0" encoding="UTF-8"?>
<!-- Generated by org.testng.reporters.JUnitReportReporter -->
<testsuite hostname="LAPTOP-DGT1P46D" failures="0" tests="3" name="org.testing.TS_005" time="31.658" errors="0" timestamp="2025-05-11T20:03:25 IST" skipped="0">
  <testcase classname="org.testing.TS_005" name="TC_013_loginButtonVisibility" time="8.227"/>
  <testcase classname="org.testing.TS_005" name="TC_015_loginButtonResponsiveness" time="18.026"/>
  <testcase classname="org.testing.TS_005" name="TC_014_loginButtonAlignment" time="5.405"/>
</testsuite> <!-- org.testing.TS_005 -->
